
> all-in-one-ai@0.1.0 start
> react-scripts start

[HPM] Proxy created: /transformjob  -> https://4a8oxccfn7.execute-api.ap-southeast-1.amazonaws.com/prod/transformjob
[HPM] Proxy rewrite rule created: "^/transformjob" ~> ""
[HPM] Proxy created: /trainingjob  -> https://4a8oxccfn7.execute-api.ap-southeast-1.amazonaws.com/prod/trainingjob
[HPM] Proxy rewrite rule created: "^/trainingjob" ~> ""
[HPM] Proxy created: /model  -> https://4a8oxccfn7.execute-api.ap-southeast-1.amazonaws.com/prod/model
[HPM] Proxy rewrite rule created: "^/model" ~> ""
[HPM] Proxy created: /endpoint  -> https://4a8oxccfn7.execute-api.ap-southeast-1.amazonaws.com/prod/endpoint
[HPM] Proxy rewrite rule created: "^/endpoint" ~> ""
[HPM] Proxy created: /function  -> https://4a8oxccfn7.execute-api.ap-southeast-1.amazonaws.com/prod/function
[HPM] Proxy rewrite rule created: "^/function" ~> ""
[HPM] Proxy created: /api  -> https://4a8oxccfn7.execute-api.ap-southeast-1.amazonaws.com/prod/api
[HPM] Proxy rewrite rule created: "^/api" ~> ""
[HPM] Proxy created: /greengrass  -> https://4a8oxccfn7.execute-api.ap-southeast-1.amazonaws.com/prod/greengrass
[HPM] Proxy rewrite rule created: "^/greengrass" ~> ""
[HPM] Proxy created: /modelpackage  -> https://4a8oxccfn7.execute-api.ap-southeast-1.amazonaws.com/prod/modelpackage
[HPM] Proxy rewrite rule created: "^/modelpackage" ~> ""
[34mℹ[39m [90m｢wds｣[39m: Project is running at http://192.168.0.108/
[34mℹ[39m [90m｢wds｣[39m: webpack output is served from 
[34mℹ[39m [90m｢wds｣[39m: Content not from webpack is served from /Users/yonglxie/work/github/all-in-one-ai/web/public
[34mℹ[39m [90m｢wds｣[39m: 404s will fallback to /
Starting the development server...

Compiled with warnings.

src/components/Forms/Model/index.tsx
  Line 23:22:  'setLoading' is assigned a value but never used  @typescript-eslint/no-unused-vars

Search for the keywords to learn more about each warning.
To ignore, add // eslint-disable-next-line to the line before.

